<?xml version="1.0" encoding="UTF-8"?>
<testsuite name="StackTest" tests="1" skipped="0" failures="0" errors="0" timestamp="2016-12-05T17:42:45" hostname="Student1-PC" time="0.0">
  <properties/>
  <testcase name="test1" classname="StackTest" time="0.0"/>
  <system-out><![CDATA[]]></system-out>
  <system-err><![CDATA[]]></system-err>
</testsuite>
