<?xml version="1.0" encoding="UTF-8"?>
<testsuite name="RecursionTest" tests="1" skipped="0" failures="0" errors="0" timestamp="2016-12-05T18:38:00" hostname="Student1-PC" time="0.015">
  <properties/>
  <testcase name="test1" classname="RecursionTest" time="0.015"/>
  <system-out><![CDATA[]]></system-out>
  <system-err><![CDATA[]]></system-err>
</testsuite>
