<?xml version="1.0" encoding="UTF-8"?>
<testsuite name="MainTest" tests="4" skipped="0" failures="0" errors="0" timestamp="2016-11-17T18:18:39" hostname="Student1-PC" time="0.016">
  <properties/>
  <testcase name="test_api" classname="MainTest" time="0.0"/>
  <testcase name="payPalPaymentStrategy_api" classname="MainTest" time="0.0"/>
  <testcase name="test" classname="MainTest" time="0.016"/>
  <testcase name="paymentStrategy_shouldReceiveCorrectlTotalValue" classname="MainTest" time="0.0"/>
  <system-out><![CDATA[]]></system-out>
  <system-err><![CDATA[]]></system-err>
</testsuite>
