<?xml version="1.0" encoding="UTF-8"?>
<testsuite name="QueueTest" tests="3" skipped="0" failures="0" errors="0" timestamp="2016-12-01T16:50:44" hostname="Student1-PC" time="0.0">
  <properties/>
  <testcase name="test1" classname="QueueTest" time="0.0"/>
  <testcase name="test2" classname="QueueTest" time="0.0"/>
  <testcase name="test4" classname="QueueTest" time="0.0"/>
  <system-out><![CDATA[]]></system-out>
  <system-err><![CDATA[]]></system-err>
</testsuite>
