<?xml version="1.0" encoding="UTF-8"?>
<testsuite name="MainTest" tests="3" skipped="0" failures="0" errors="0" timestamp="2016-11-28T17:57:05" hostname="Student1-PC" time="0.0">
  <properties/>
  <testcase name="test1" classname="MainTest" time="0.0"/>
  <testcase name="test2" classname="MainTest" time="0.0"/>
  <testcase name="test4" classname="MainTest" time="0.0"/>
  <system-out><![CDATA[]]></system-out>
  <system-err><![CDATA[]]></system-err>
</testsuite>
